<?xml version="1.0" encoding="UTF-8"?>
<!-- Generated by org.testng.reporters.JUnitReportReporter -->
<testsuite hostname="WKWZTFAx7wpS3wx" failures="0" tests="1" name="actime.LoginToActiTime" time="13.947" errors="0" timestamp="2023-09-06T12:21:40 IST" skipped="0">
  <testcase classname="actime.LoginToActiTime" name="loginToApp" time="13.947"/>
</testsuite> <!-- actime.LoginToActiTime -->
