<?xml version="1.0" encoding="UTF-8"?>
<!-- Generated by org.testng.reporters.JUnitReportReporter -->
<testsuite hostname="WKWZTFAx7wpS3wx" failures="0" tests="2" name="testNG.TestNGPractice" time="0.010" errors="0" timestamp="2023-09-06T12:38:28 IST" skipped="0">
  <testcase classname="testNG.TestNGPractice" name="modifyCustomer" time="0.009"/>
  <testcase classname="testNG.TestNGPractice" name="DeleteCustomer" time="0.001"/>
</testsuite> <!-- testNG.TestNGPractice -->
